<?xml version="1.0" encoding="UTF-8"?>
<!-- Generated by org.testng.reporters.JUnitXMLReporter -->
<testsuite ignored="0" hostname="NSL-6533" failures="0" tests="5" name="Default test" time="14.614" errors="0" timestamp="2022-09-19T16:29:23 IST">
  <testcase classname="mvnTest.TestMainClas" name="test1" time="0.011"/>
  <testcase classname="mvnTest.TestMainClas" name="test1" time="0.003"/>
  <testcase classname="mvnTest.TestMainClas" name="test1" time="0.002"/>
  <testcase classname="mvnTest.TestMainClas" name="test1" time="0.002"/>
  <testcase classname="mvnTest.TestMainClas" name="test1" time="0.003"/>
</testsuite> <!-- Default test -->
