<?xml version="1.0" encoding="UTF-8"?>
<testng-results ignored="0" total="5" passed="5" failed="0" skipped="0">
  <reporter-output>
  </reporter-output>
  <suite started-at="2022-09-19T16:29:08 IST" name="Default suite" finished-at="2022-09-19T16:29:23 IST" duration-ms="14614">
    <groups>
    </groups>
    <test started-at="2022-09-19T16:29:08 IST" name="Default test" finished-at="2022-09-19T16:29:23 IST" duration-ms="14614">
      <class name="mvnTest.TestMainClas">
        <test-method is-config="true" signature="bff()[pri:0, instance:mvnTest.TestMainClas@2cd2a21f]" started-at="2022-09-19T16:29:08 IST" name="bff" finished-at="2022-09-19T16:29:21 IST" duration-ms="12409" status="PASS">
          <reporter-output>
          </reporter-output>
        </test-method> <!-- bff -->
        <test-method signature="test1(java.lang.String, java.lang.String)[pri:0, instance:mvnTest.TestMainClas@2cd2a21f]" started-at="2022-09-19T16:29:23 IST" name="test1" data-provider="getData" finished-at="2022-09-19T16:29:23 IST" duration-ms="11" status="PASS">
          <params>
            <param index="0">
              <value is-null="true"/>
            </param>
            <param index="1">
              <value is-null="true"/>
            </param>
          </params>
          <reporter-output>
          </reporter-output>
        </test-method> <!-- test1 -->
        <test-method signature="test1(java.lang.String, java.lang.String)[pri:0, instance:mvnTest.TestMainClas@2cd2a21f]" started-at="2022-09-19T16:29:23 IST" name="test1" data-provider="getData" finished-at="2022-09-19T16:29:23 IST" duration-ms="3" status="PASS">
          <params>
            <param index="0">
              <value>
                <![CDATA[standard_user]]>
              </value>
            </param>
            <param index="1">
              <value>
                <![CDATA[secret_sauc]]>
              </value>
            </param>
          </params>
          <reporter-output>
          </reporter-output>
        </test-method> <!-- test1 -->
        <test-method signature="test1(java.lang.String, java.lang.String)[pri:0, instance:mvnTest.TestMainClas@2cd2a21f]" started-at="2022-09-19T16:29:23 IST" name="test1" data-provider="getData" finished-at="2022-09-19T16:29:23 IST" duration-ms="2" status="PASS">
          <params>
            <param index="0">
              <value>
                <![CDATA[standard_user]]>
              </value>
            </param>
            <param index="1">
              <value>
                <![CDATA[secret_sauce]]>
              </value>
            </param>
          </params>
          <reporter-output>
          </reporter-output>
        </test-method> <!-- test1 -->
        <test-method signature="test1(java.lang.String, java.lang.String)[pri:0, instance:mvnTest.TestMainClas@2cd2a21f]" started-at="2022-09-19T16:29:23 IST" name="test1" data-provider="getData" finished-at="2022-09-19T16:29:23 IST" duration-ms="2" status="PASS">
          <params>
            <param index="0">
              <value>
                <![CDATA[locked_out_user]]>
              </value>
            </param>
            <param index="1">
              <value>
                <![CDATA[secret_sauce]]>
              </value>
            </param>
          </params>
          <reporter-output>
          </reporter-output>
        </test-method> <!-- test1 -->
        <test-method signature="test1(java.lang.String, java.lang.String)[pri:0, instance:mvnTest.TestMainClas@2cd2a21f]" started-at="2022-09-19T16:29:23 IST" name="test1" data-provider="getData" finished-at="2022-09-19T16:29:23 IST" duration-ms="3" status="PASS">
          <params>
            <param index="0">
              <value>
                <![CDATA[problem_user]]>
              </value>
            </param>
            <param index="1">
              <value>
                <![CDATA[secret_sauce]]>
              </value>
            </param>
          </params>
          <reporter-output>
          </reporter-output>
        </test-method> <!-- test1 -->
      </class> <!-- mvnTest.TestMainClas -->
    </test> <!-- Default test -->
  </suite> <!-- Default suite -->
</testng-results>
